\BOOKMARK [-1][]{ctitle.-1}{\376\377\127\372\116\216\123\314\220\032\220\123\145\366\136\217\117\341\123\367\166\204\116\044\226\066\153\265\173\241\220\123\154\304\157\017\150\300\155\113\116\016\133\232\117\115\145\271\154\325}{}% 1
\BOOKMARK [0][]{cabstract.0}{\376\377\144\130\000\040\000\040\211\201}{ctitle.-1}% 2
\BOOKMARK [0][]{eabstract.0}{\376\377\000A\000B\000S\000T\000R\000A\000C\000T}{ctitle.-1}% 3
\BOOKMARK [0][]{mulu.0}{\376\377\166\356\000\040\000\040\137\125}{ctitle.-1}% 4
\BOOKMARK [0][]{section*.5}{\376\377\173\054\116\000\172\340\000\040\000\040\176\352\213\272}{ctitle.-1}% 5
\BOOKMARK [1][]{section*.6}{\376\377\0001\000.\0001\000\040\170\024\172\166\200\314\146\157\116\016\141\017\116\111}{section*.5}% 6
\BOOKMARK [1][]{section*.13}{\376\377\0001\000.\0002\000\040\126\375\121\205\131\026\170\024\172\166\163\260\162\266}{section*.5}% 7
\BOOKMARK [2][]{section*.14}{\376\377\0001\000.\0002\000.\0001\000\040\117\040\176\337\173\241\220\123\154\304\157\017\150\300\155\113\145\271\154\325}{section*.13}% 8
\BOOKMARK [2][]{section*.15}{\376\377\0001\000.\0002\000.\0002\000\040\127\372\116\216\147\072\126\150\133\146\116\140\166\204\150\300\155\113\145\271\154\325}{section*.13}% 9
\BOOKMARK [2][]{section*.16}{\376\377\0001\000.\0002\000.\0003\000\040\127\372\116\216\155\361\136\246\133\146\116\140\166\204\145\366\136\217\117\341\123\367\131\004\164\006\145\271\154\325}{section*.13}% 10
\BOOKMARK [2][]{section*.17}{\376\377\0001\000.\0002\000.\0004\000\040\154\350\141\017\122\233\147\072\122\066\116\016\225\177\145\366\136\217\136\372\152\041\145\271\154\325}{section*.13}% 11
\BOOKMARK [2][]{section*.22}{\376\377\0001\000.\0002\000.\0005\000\040\166\370\121\163\145\271\154\325\123\321\134\125\215\213\122\277\116\016\220\002\165\050\217\271\165\114}{section*.13}% 12
\BOOKMARK [1][]{section*.23}{\376\377\0001\000.\0003\000\040\170\024\172\166\225\356\230\230\116\016\147\054\145\207\135\345\117\134}{section*.5}% 13
\BOOKMARK [1][]{section*.24}{\376\377\0001\000.\0004\000\040\213\272\145\207\176\323\147\204\133\211\143\222}{section*.5}% 14
\BOOKMARK [1][]{section*.25}{\376\377\0001\000.\0005\000\040\147\054\172\340\134\017\176\323}{section*.5}% 15
\BOOKMARK [0][]{section*.26}{\376\377\173\054\116\214\172\340\000\040\000\040\173\241\220\123\154\304\157\017\143\242\155\113\123\237\164\006\116\016\145\160\143\156\226\306\147\204\136\372}{ctitle.-1}% 16
\BOOKMARK [1][]{section*.29}{\376\377\0002\000.\0001\000\040\173\241\220\123\154\304\157\017\143\242\155\113\127\372\147\054\123\237\164\006}{section*.26}% 17
\BOOKMARK [1][]{section*.32}{\376\377\0002\000.\0002\000\040\154\304\157\017\130\360\117\341\123\367\137\142\142\020\147\072\122\066}{section*.26}% 18
\BOOKMARK [1][]{section*.35}{\376\377\0002\000.\0003\000\040\145\160\143\156\162\171\137\201\122\006\147\220\116\016\136\372\152\041\227\000\154\102}{section*.26}% 19
\BOOKMARK [1][]{section*.40}{\376\377\0002\000.\0004\000\040\123\237\131\313\145\160\143\156\176\304\176\307\145\271\137\017}{section*.26}% 20
\BOOKMARK [1][]{section*.47}{\376\377\0002\000.\0005\000\040\225\177\145\366\136\217\117\341\123\367\136\372\152\041\226\276\160\271}{section*.26}% 21
\BOOKMARK [1][]{section*.48}{\376\377\0002\000.\0006\000\040\150\007\173\176\146\040\134\004\116\016\116\373\122\241\142\306\122\006}{section*.26}% 22
\BOOKMARK [1][]{section*.51}{\376\377\0002\000.\0007\000\040\122\006\153\265\173\126\165\145\116\016\150\067\147\054\165\037\142\020}{section*.26}% 23
\BOOKMARK [1][]{section*.52}{\376\377\0002\000.\0008\000\040\145\160\143\156\226\306\176\337\213\241}{section*.26}% 24
\BOOKMARK [1][]{section*.55}{\376\377\0002\000.\0009\000\040\123\237\131\313\145\160\143\156\122\006\136\003\116\016\133\236\232\214\123\302\145\160\220\011\142\351}{section*.26}% 25
\BOOKMARK [2][]{section*.56}{\376\377\0002\000.\0009\000.\0001\000\040\174\173\122\053\116\016\215\335\171\273\150\143\117\115\122\006\136\003}{section*.55}% 26
\BOOKMARK [2][]{section*.61}{\376\377\0002\000.\0009\000.\0002\000\040\121\163\225\056\123\302\145\160\220\011\142\351\117\235\143\156}{section*.55}% 27
\BOOKMARK [1][]{section*.62}{\376\377\0002\000.\0001\0000\000\040\147\054\172\340\134\017\176\323}{section*.26}% 28
\BOOKMARK [0][]{section*.63}{\376\377\173\054\116\011\172\340\000\040\000\040\116\044\226\066\153\265\154\304\157\017\150\300\155\113\152\041\127\213\213\276\213\241}{ctitle.-1}% 29
\BOOKMARK [1][]{section*.64}{\376\377\0003\000.\0001\000\040\140\073\117\123\150\106\147\266}{section*.63}% 30
\BOOKMARK [1][]{section*.67}{\376\377\0003\000.\0002\000\040\217\223\121\145\210\150\171\072\116\016\137\122\116\000\123\026}{section*.63}% 31
\BOOKMARK [1][]{section*.68}{\376\377\0003\000.\0003\000\040\116\000\176\364\123\167\171\357\162\171\137\201\143\320\123\326\177\121\176\334}{section*.63}% 32
\BOOKMARK [1][]{section*.73}{\376\377\0003\000.\0004\000\040\000C\000o\000n\000f\000o\000r\000m\000e\000r\000\040\145\366\136\217\136\372\152\041\176\323\147\204}{section*.63}% 33
\BOOKMARK [1][]{section*.78}{\376\377\0003\000.\0005\000\040\122\006\174\173\131\064\116\016\126\336\137\122\131\064\213\276\213\241}{section*.63}% 34
\BOOKMARK [2][]{section*.79}{\376\377\0003\000.\0005\000.\0001\000\040\000S\000t\000a\000g\000e\0002\000\040\122\006\174\173\152\041\127\213}{section*.78}% 35
\BOOKMARK [2][]{section*.82}{\376\377\0003\000.\0005\000.\0002\000\040\000S\000t\000a\000g\000e\0001\000\040\126\336\137\122\152\041\127\213}{section*.78}% 36
\BOOKMARK [1][]{section*.89}{\376\377\0003\000.\0006\000\040\213\255\176\303\173\126\165\145}{section*.63}% 37
\BOOKMARK [1][]{section*.92}{\376\377\0003\000.\0007\000\040\153\143\122\031\123\026\116\016\217\307\142\337\124\010\142\221\122\066\173\126\165\145}{section*.63}% 38
\BOOKMARK [1][]{section*.95}{\376\377\0003\000.\0008\000\040\147\054\172\340\134\017\176\323}{section*.63}% 39
\BOOKMARK [0][]{section*.96}{\376\377\173\054\126\333\172\340\000\040\000\040\133\236\232\214\213\276\213\241\116\016\176\323\147\234\122\006\147\220}{ctitle.-1}% 40
\BOOKMARK [1][]{section*.97}{\376\377\0004\000.\0001\000\040\133\236\232\214\163\257\130\203\116\016\221\115\177\156}{section*.96}% 41
\BOOKMARK [1][]{section*.100}{\376\377\0004\000.\0002\000\040\213\304\116\367\143\007\150\007}{section*.96}% 42
\BOOKMARK [2][]{section*.101}{\376\377\0004\000.\0002\000.\0001\000\040\122\006\174\173\116\373\122\241\143\007\150\007}{section*.100}% 43
\BOOKMARK [2][]{section*.102}{\376\377\0004\000.\0002\000.\0002\000\040\126\336\137\122\116\373\122\241\143\007\150\007}{section*.100}% 44
\BOOKMARK [1][]{section*.103}{\376\377\0004\000.\0003\000\040\133\236\232\214\176\323\147\234}{section*.96}% 45
\BOOKMARK [2][]{section*.104}{\376\377\0004\000.\0003\000.\0001\000\040\000S\000t\000a\000g\000e\0002\000\040\122\006\174\173\176\323\147\234}{section*.103}% 46
\BOOKMARK [2][]{section*.113}{\376\377\0004\000.\0003\000.\0002\000\040\000S\000t\000a\000g\000e\0001\000\040\215\335\171\273\126\336\137\122\176\323\147\234}{section*.103}% 47
\BOOKMARK [1][]{section*.134}{\376\377\0004\000.\0004\000\040\176\323\147\234\122\006\147\220}{section*.96}% 48
\BOOKMARK [2][]{section*.135}{\376\377\0004\000.\0004\000.\0001\000\040\000S\000t\000a\000g\000e\0002\000\040\122\006\174\173\176\323\147\234\122\006\147\220}{section*.134}% 49
\BOOKMARK [2][]{section*.136}{\376\377\0004\000.\0004\000.\0002\000\040\000S\000t\000a\000g\000e\0001\000\040\126\336\137\122\176\323\147\234\122\006\147\220}{section*.134}% 50
\BOOKMARK [2][]{section*.137}{\376\377\0004\000.\0004\000.\0003\000\040\133\371\153\324\133\236\232\214\116\016\155\210\207\215\133\236\232\214\122\006\147\220}{section*.134}% 51
\BOOKMARK [2][]{section*.140}{\376\377\0004\000.\0004\000.\0004\000\040\213\255\176\303\217\307\172\013\122\006\147\220}{section*.134}% 52
\BOOKMARK [1][]{section*.141}{\376\377\0004\000.\0005\000\040\133\236\232\214\134\100\226\120\140\047\122\006\147\220}{section*.96}% 53
\BOOKMARK [1][]{section*.142}{\376\377\0004\000.\0006\000\040\147\054\172\340\134\017\176\323}{section*.96}% 54
\BOOKMARK [0][]{section*.143}{\376\377\173\054\116\224\172\340\000\040\000\040\176\323\213\272\116\016\134\125\147\033}{ctitle.-1}% 55
\BOOKMARK [1][]{section*.144}{\376\377\0005\000.\0001\000\040\121\150\145\207\140\073\176\323}{section*.143}% 56
\BOOKMARK [1][]{section*.145}{\376\377\0005\000.\0002\000\040\124\016\176\355\135\345\117\134\134\125\147\033}{section*.143}% 57
\BOOKMARK [0][]{section*.148}{\376\377\123\302\200\003\145\207\163\056}{ctitle.-1}% 58
\BOOKMARK [0][]{section*.149}{\376\377\201\364\000\040\000\040\214\042}{ctitle.-1}% 59
